TN:
SF:src\abrigo-animais.js
FN:1,<instance_members_initializer>
FN:13,encontraPessoas
FN:43,temBrinquedosNaOrdem
FNF:3
FNH:3
FNDA:4,<instance_members_initializer>
FNDA:3,encontraPessoas
FNDA:12,temBrinquedosNaOrdem
DA:1,1
DA:2,4
DA:3,4
DA:4,4
DA:5,4
DA:6,4
DA:7,4
DA:8,4
DA:9,4
DA:10,4
DA:11,4
DA:12,4
DA:13,4
DA:14,3
DA:15,3
DA:16,3
DA:17,3
DA:18,3
DA:19,3
DA:20,3
DA:21,3
DA:22,3
DA:23,7
DA:24,1
DA:25,1
DA:26,6
DA:27,6
DA:28,2
DA:29,3
DA:30,0
DA:31,0
DA:32,2
DA:33,2
DA:34,3
DA:35,14
DA:36,14
DA:37,14
DA:38,2
DA:39,2
DA:40,2
DA:41,2
DA:42,2
DA:43,2
DA:44,12
DA:45,12
DA:46,32
DA:47,32
DA:48,32
DA:49,8
DA:50,8
DA:51,2
DA:52,3
DA:53,6
DA:54,6
DA:55,6
DA:56,6
DA:57,6
DA:58,6
DA:59,6
DA:60,6
DA:61,6
DA:62,0
DA:63,0
DA:64,0
DA:65,0
DA:66,0
DA:67,0
DA:68,0
DA:69,6
DA:70,1
DA:71,1
DA:72,6
DA:73,1
DA:74,1
DA:75,5
DA:76,1
DA:77,1
DA:78,6
DA:79,6
DA:80,6
DA:81,2
DA:82,2
DA:83,2
DA:84,4
DA:85,1
DA:86,1
DA:87,1
DA:88,1
DA:89,1
DA:90,1
DA:91,1
DA:92,1
DA:93,1
DA:94,1
LF:94
LH:85
BRDA:1,0,0,4
BRDA:13,1,0,3
BRDA:22,2,0,7
BRDA:23,3,0,6
BRDA:23,4,0,1
BRDA:25,5,0,6
BRDA:27,6,0,2
BRDA:29,7,0,0
BRDA:31,8,0,2
BRDA:34,9,0,14
BRDA:37,10,0,2
BRDA:52,11,0,6
BRDA:61,12,0,0
BRDA:69,13,0,2
BRDA:69,14,0,1
BRDA:69,15,0,1
BRDA:72,16,0,5
BRDA:72,17,0,4
BRDA:72,18,0,1
BRDA:72,19,0,1
BRDA:75,20,0,4
BRDA:75,21,0,1
BRDA:75,22,0,1
BRDA:80,23,0,2
BRDA:15,24,0,6
BRDA:16,25,0,8
BRDA:17,26,0,7
BRDA:36,27,0,32
BRDA:43,28,0,12
BRDA:45,29,0,32
BRDA:46,30,0,13
BRDA:47,31,0,4
BRDA:48,32,0,8
BRF:33
BRH:31
end_of_record
